Build started 5/30/2013 4:48:30 PM.
     1>Project "C:\Users\Zach\Documents\Visual Studio 2012\Projects\Barnes_GameEngine\Barnes_GameEngine\Barnes_GameEngine.vcxproj" on node 2 (Build target(s)).
     1>ClCompile:
         C:\Program Files (x86)\Microsoft Visual Studio 11.0\VC\bin\CL.exe /c /I"C:\Program Files\Assimp\include" /IC:\SOIL\src /I"C:\Boost\include\boost-1_53" /ZI /nologo /W3 /WX- /Od /Oy- /D _MBCS /Gm /EHsc /RTC1 /MDd /GS /fp:precise /Zc:wchar_t /Zc:forScope /Fo"Debug\\" /Fd"Debug\vc110.pdb" /Gd /TP /analyze- /errorReport:prompt Source.cpp
         Source.cpp
     1>c:\users\zach\documents\visual studio 2012\projects\barnes_gameengine\barnes_gameengine\source.cpp(75): warning C4244: 'argument' : conversion from 'float' to 'int', possible loss of data
     1>c:\users\zach\documents\visual studio 2012\projects\barnes_gameengine\barnes_gameengine\source.cpp(106): warning C4244: 'argument' : conversion from 'float' to 'int', possible loss of data
     1>c:\users\zach\documents\visual studio 2012\projects\barnes_gameengine\barnes_gameengine\source.cpp(145): warning C4244: 'argument' : conversion from 'float' to 'int', possible loss of data
       Link:
         C:\Program Files (x86)\Microsoft Visual Studio 11.0\VC\bin\link.exe /ERRORREPORT:PROMPT /OUT:"C:\Users\Zach\Documents\Visual Studio 2012\Projects\Barnes_GameEngine\Debug\Barnes_GameEngine.exe" /INCREMENTAL /NOLOGO /LIBPATH:"C:\Program Files\Assimp\lib\x86" /LIBPATH:C:\SOIL\lib /LIBPATH:C:\Boost\lib\i386 opengl32.lib glew32.lib glut32.lib GLFW.lib GLFWDLL.lib SOIL.lib assimp.lib kernel32.lib user32.lib gdi32.lib winspool.lib comdlg32.lib advapi32.lib shell32.lib ole32.lib oleaut32.lib uuid.lib odbc32.lib odbccp32.lib /MANIFEST /MANIFESTUAC:"level='asInvoker' uiAccess='false'" /manifest:embed /DEBUG /PDB:"C:\Users\Zach\Documents\Visual Studio 2012\Projects\Barnes_GameEngine\Debug\Barnes_GameEngine.pdb" /TLBID:1 /DYNAMICBASE /NXCOMPAT /IMPLIB:"C:\Users\Zach\Documents\Visual Studio 2012\Projects\Barnes_GameEngine\Debug\Barnes_GameEngine.lib" /MACHINE:X86 Debug\Camera.obj
         Debug\Component.obj
         Debug\Input.obj
         Debug\LoadMesh.obj
         Debug\LoadTexture.obj
         Debug\Material.obj
         Debug\Model.obj
         Debug\Object.obj
         Debug\Object_new.obj
         Debug\Program.obj
         Debug\Shader.obj
         Debug\Source.obj
         Debug\System.obj
         Debug\Transform.obj
         SOIL.lib(SOIL.obj) : MSIL .netmodule or module compiled with /GL found; restarting link with /LTCG; add /LTCG to the link command line to improve linker performance
     1>LINK : warning LNK4075: ignoring '/INCREMENTAL' due to '/LTCG' specification
     1>Camera.obj : warning LNK4075: ignoring '/EDITANDCONTINUE' due to '/OPT:LBR' specification
     1>LINK : warning LNK4098: defaultlib 'MSVCRT' conflicts with use of other libs; use /NODEFAULTLIB:library
         Generating code
         Finished generating code
     1>GLFW.lib(enable.obj) : warning LNK4099: PDB 'vc110.pdb' was not found with 'GLFW.lib(enable.obj)' or at 'C:\Users\Zach\Documents\Visual Studio 2012\Projects\Barnes_GameEngine\Debug\vc110.pdb'; linking object as if no debug info
     1>GLFW.lib(glext.obj) : warning LNK4099: PDB 'vc110.pdb' was not found with 'GLFW.lib(glext.obj)' or at 'C:\Users\Zach\Documents\Visual Studio 2012\Projects\Barnes_GameEngine\Debug\vc110.pdb'; linking object as if no debug info
     1>GLFW.lib(init.obj) : warning LNK4099: PDB 'vc110.pdb' was not found with 'GLFW.lib(init.obj)' or at 'C:\Users\Zach\Documents\Visual Studio 2012\Projects\Barnes_GameEngine\Debug\vc110.pdb'; linking object as if no debug info
     1>GLFW.lib(input.obj) : warning LNK4099: PDB 'vc110.pdb' was not found with 'GLFW.lib(input.obj)' or at 'C:\Users\Zach\Documents\Visual Studio 2012\Projects\Barnes_GameEngine\Debug\vc110.pdb'; linking object as if no debug info
     1>GLFW.lib(time.obj) : warning LNK4099: PDB 'vc110.pdb' was not found with 'GLFW.lib(time.obj)' or at 'C:\Users\Zach\Documents\Visual Studio 2012\Projects\Barnes_GameEngine\Debug\vc110.pdb'; linking object as if no debug info
     1>GLFW.lib(win32_enable.obj) : warning LNK4099: PDB 'vc110.pdb' was not found with 'GLFW.lib(win32_enable.obj)' or at 'C:\Users\Zach\Documents\Visual Studio 2012\Projects\Barnes_GameEngine\Debug\vc110.pdb'; linking object as if no debug info
     1>GLFW.lib(win32_fullscreen.obj) : warning LNK4099: PDB 'vc110.pdb' was not found with 'GLFW.lib(win32_fullscreen.obj)' or at 'C:\Users\Zach\Documents\Visual Studio 2012\Projects\Barnes_GameEngine\Debug\vc110.pdb'; linking object as if no debug info
     1>GLFW.lib(win32_glext.obj) : warning LNK4099: PDB 'vc110.pdb' was not found with 'GLFW.lib(win32_glext.obj)' or at 'C:\Users\Zach\Documents\Visual Studio 2012\Projects\Barnes_GameEngine\Debug\vc110.pdb'; linking object as if no debug info
     1>GLFW.lib(win32_init.obj) : warning LNK4099: PDB 'vc110.pdb' was not found with 'GLFW.lib(win32_init.obj)' or at 'C:\Users\Zach\Documents\Visual Studio 2012\Projects\Barnes_GameEngine\Debug\vc110.pdb'; linking object as if no debug info
     1>GLFW.lib(win32_time.obj) : warning LNK4099: PDB 'vc110.pdb' was not found with 'GLFW.lib(win32_time.obj)' or at 'C:\Users\Zach\Documents\Visual Studio 2012\Projects\Barnes_GameEngine\Debug\vc110.pdb'; linking object as if no debug info
     1>GLFW.lib(win32_window.obj) : warning LNK4099: PDB 'vc110.pdb' was not found with 'GLFW.lib(win32_window.obj)' or at 'C:\Users\Zach\Documents\Visual Studio 2012\Projects\Barnes_GameEngine\Debug\vc110.pdb'; linking object as if no debug info
     1>GLFW.lib(window.obj) : warning LNK4099: PDB 'vc110.pdb' was not found with 'GLFW.lib(window.obj)' or at 'C:\Users\Zach\Documents\Visual Studio 2012\Projects\Barnes_GameEngine\Debug\vc110.pdb'; linking object as if no debug info
         Barnes_GameEngine.vcxproj -> C:\Users\Zach\Documents\Visual Studio 2012\Projects\Barnes_GameEngine\Debug\Barnes_GameEngine.exe
     1>Done Building Project "C:\Users\Zach\Documents\Visual Studio 2012\Projects\Barnes_GameEngine\Barnes_GameEngine\Barnes_GameEngine.vcxproj" (Build target(s)).

Build succeeded.

Time Elapsed 00:00:01.73
